<?xml version="1.0" encoding="UTF-8"?>
<!-- Generated by org.testng.reporters.JUnitReportReporter -->
<testsuite hostname="DESKTOP-P608RAU" failures="0" tests="1" name="testCase.MercuryTourRegisterOperations" time="0.007" errors="0" timestamp="2023-07-08T15:22:44 IST" skipped="0">
  <testcase classname="testCase.MercuryTourRegisterOperations" name="mercuryTourRegistration" time="0.007"/>
  <system-out/>
</testsuite> <!-- testCase.MercuryTourRegisterOperations -->
