<?xml version="1.0" encoding="UTF-8"?>
<!-- Generated by org.testng.reporters.JUnitReportReporter -->
<testsuite hostname="DESKTOP-P608RAU" failures="0" tests="1" name="testCase.TC1_SignUp" time="0.006" errors="0" timestamp="2023-06-30T22:05:18 IST" skipped="0">
  <testcase classname="testCase.TC1_SignUp" name="TC1_Method" time="0.006"/>
  <system-out/>
</testsuite> <!-- testCase.TC1_SignUp -->
