<?xml version="1.0" encoding="UTF-8"?>
<!-- Generated by org.testng.reporters.JUnitReportReporter -->
<testsuite hostname="DESKTOP-P608RAU" failures="0" tests="1" name="utility.WriteToExcel" time="0.239" errors="0" timestamp="2023-07-04T22:20:14 IST" skipped="0">
  <testcase classname="utility.WriteToExcel" name="TestRepostExcel" time="0.239"/>
  <system-out/>
</testsuite> <!-- utility.WriteToExcel -->
