<?xml version="1.0" encoding="UTF-8"?>
<!-- Generated by org.testng.reporters.JUnitReportReporter -->
<testsuite hostname="DESKTOP-P608RAU" failures="0" tests="1" name="testCase.MercuryTourRegistration" time="11.652" errors="0" timestamp="2023-07-14T21:03:21 IST" skipped="0">
  <testcase classname="testCase.MercuryTourRegistration" name="mercuryTourRegistration" time="11.652"/>
  <system-out/>
</testsuite> <!-- testCase.MercuryTourRegistration -->
