<?xml version="1.0" encoding="UTF-8"?>
<!-- Generated by org.testng.reporters.JUnitReportReporter -->
<testsuite hostname="DESKTOP-P608RAU" failures="0" tests="1" name="testCase.MercuryTourRegistration" time="13.062" errors="0" timestamp="2023-07-08T22:46:38 IST" skipped="0">
  <testcase classname="testCase.MercuryTourRegistration" name="mercuryTourRegistration" time="13.062"/>
  <system-out/>
</testsuite> <!-- testCase.MercuryTourRegistration -->
