<?xml version="1.0" encoding="UTF-8"?>
<!-- Generated by org.testng.reporters.JUnitReportReporter -->
<testsuite hostname="DESKTOP-P608RAU" failures="0" tests="1" name="testCase.TC3_IFSC_RBI" time="12.608" errors="0" timestamp="2023-07-14T21:03:21 IST" skipped="0">
  <testcase classname="testCase.TC3_IFSC_RBI" name="TC3_method" time="12.608"/>
  <system-out/>
</testsuite> <!-- testCase.TC3_IFSC_RBI -->
