<?xml version="1.0" encoding="UTF-8"?>
<!-- Generated by org.testng.reporters.JUnitReportReporter -->
<testsuite hostname="DESKTOP-P608RAU" failures="0" tests="1" name="testCase.TC1_SignUp" time="4.427" errors="0" timestamp="2023-07-01T20:28:46 IST" skipped="0">
  <testcase classname="testCase.TC1_SignUp" name="display1" time="4.427"/>
  <system-out/>
</testsuite> <!-- testCase.TC1_SignUp -->
