<?xml version="1.0" encoding="UTF-8"?>
<!-- Generated by org.testng.reporters.JUnitReportReporter -->
<testsuite hostname="DESKTOP-P608RAU" failures="0" tests="1" name="testCase.MercuryTourRegistration" time="11.535" errors="0" timestamp="2023-07-08T20:51:15 IST" skipped="0">
  <testcase classname="testCase.MercuryTourRegistration" name="mercuryTourRegistration" time="11.535"/>
  <system-out/>
</testsuite> <!-- testCase.MercuryTourRegistration -->
