<?xml version="1.0" encoding="UTF-8"?>
<!-- Generated by org.testng.reporters.JUnitReportReporter -->
<testsuite hostname="DESKTOP-P608RAU" failures="0" tests="1" name="testCase.TC2_Login" time="8.914" errors="0" timestamp="2023-07-07T20:21:39 IST" skipped="0">
  <testcase classname="testCase.TC2_Login" name="TC2_Login_method" time="8.914"/>
  <system-out/>
</testsuite> <!-- testCase.TC2_Login -->
