<?xml version="1.0" encoding="UTF-8"?>
<!-- Generated by org.testng.reporters.JUnitReportReporter -->
<testsuite hostname="DESKTOP-P608RAU" failures="0" tests="1" name="testCase.TC3_IFSC_RBI" time="10.841" errors="0" timestamp="2023-07-07T09:00:12 IST" skipped="0">
  <testcase classname="testCase.TC3_IFSC_RBI" name="TC3_method" time="10.841"/>
  <system-out/>
</testsuite> <!-- testCase.TC3_IFSC_RBI -->
