<?xml version="1.0" encoding="UTF-8"?>
<!-- Generated by org.testng.reporters.JUnitReportReporter -->
<testsuite hostname="DESKTOP-P608RAU" failures="0" tests="1" name="testCase.TC1_SignUp" time="20.036" errors="0" timestamp="2023-07-08T22:46:38 IST" skipped="0">
  <testcase classname="testCase.TC1_SignUp" name="TC1_SignUp_method" time="20.036"/>
  <system-out/>
</testsuite> <!-- testCase.TC1_SignUp -->
